<?xml version="1.0" encoding="UTF-8"?>
<testng-results ignored="0" total="2" passed="2" failed="0" skipped="0">
  <reporter-output>
  </reporter-output>
  <suite started-at="2023-04-03T10:08:01 EDT" name="Default suite" finished-at="2023-04-03T10:08:01 EDT" duration-ms="42">
    <groups>
    </groups>
    <test started-at="2023-04-03T10:08:01 EDT" name="Default test" finished-at="2023-04-03T10:08:01 EDT" duration-ms="42">
      <class name="TestNgBasics">
        <test-method is-config="true" signature="setupsys()[pri:0, instance:TestNgBasics@69997e9d]" started-at="2023-04-03T10:08:01 EDT" name="setupsys" finished-at="2023-04-03T10:08:01 EDT" duration-ms="6" status="PASS">
          <reporter-output>
          </reporter-output>
        </test-method> <!-- setupsys -->
        <test-method is-config="true" signature="launchbrowser()[pri:0, instance:TestNgBasics@69997e9d]" started-at="2023-04-03T10:08:01 EDT" name="launchbrowser" finished-at="2023-04-03T10:08:01 EDT" duration-ms="0" status="PASS">
          <reporter-output>
          </reporter-output>
        </test-method> <!-- launchbrowser -->
        <test-method is-config="true" signature="enterurl()[pri:0, instance:TestNgBasics@69997e9d]" started-at="2023-04-03T10:08:01 EDT" name="enterurl" finished-at="2023-04-03T10:08:01 EDT" duration-ms="0" status="PASS">
          <reporter-output>
          </reporter-output>
        </test-method> <!-- enterurl -->
        <test-method is-config="true" signature="login()[pri:0, instance:TestNgBasics@69997e9d]" started-at="2023-04-03T10:08:01 EDT" name="login" finished-at="2023-04-03T10:08:01 EDT" duration-ms="1" status="PASS">
          <reporter-output>
          </reporter-output>
        </test-method> <!-- login -->
        <test-method signature="detectmousemovement()[pri:0, instance:TestNgBasics@69997e9d]" started-at="2023-04-03T10:08:01 EDT" name="detectmousemovement" finished-at="2023-04-03T10:08:01 EDT" duration-ms="5" status="PASS">
          <reporter-output>
          </reporter-output>
        </test-method> <!-- detectmousemovement -->
        <test-method is-config="true" signature="logout()[pri:0, instance:TestNgBasics@69997e9d]" started-at="2023-04-03T10:08:01 EDT" name="logout" finished-at="2023-04-03T10:08:01 EDT" duration-ms="0" status="PASS">
          <reporter-output>
          </reporter-output>
        </test-method> <!-- logout -->
        <test-method is-config="true" signature="login()[pri:0, instance:TestNgBasics@69997e9d]" started-at="2023-04-03T10:08:01 EDT" name="login" finished-at="2023-04-03T10:08:01 EDT" duration-ms="1" status="PASS">
          <reporter-output>
          </reporter-output>
        </test-method> <!-- login -->
        <test-method signature="testpage()[pri:0, instance:TestNgBasics@69997e9d]" started-at="2023-04-03T10:08:01 EDT" name="testpage" finished-at="2023-04-03T10:08:01 EDT" duration-ms="1" status="PASS">
          <reporter-output>
          </reporter-output>
        </test-method> <!-- testpage -->
        <test-method is-config="true" signature="logout()[pri:0, instance:TestNgBasics@69997e9d]" started-at="2023-04-03T10:08:01 EDT" name="logout" finished-at="2023-04-03T10:08:01 EDT" duration-ms="0" status="PASS">
          <reporter-output>
          </reporter-output>
        </test-method> <!-- logout -->
        <test-method is-config="true" signature="deletecoockies()[pri:0, instance:TestNgBasics@69997e9d]" started-at="2023-04-03T10:08:01 EDT" name="deletecoockies" finished-at="2023-04-03T10:08:01 EDT" duration-ms="0" status="PASS">
          <reporter-output>
          </reporter-output>
        </test-method> <!-- deletecoockies -->
        <test-method is-config="true" signature="closebrowser()[pri:0, instance:TestNgBasics@69997e9d]" started-at="2023-04-03T10:08:01 EDT" name="closebrowser" finished-at="2023-04-03T10:08:01 EDT" duration-ms="1" status="PASS">
          <reporter-output>
          </reporter-output>
        </test-method> <!-- closebrowser -->
        <test-method is-config="true" signature="generatetestreports()[pri:0, instance:TestNgBasics@69997e9d]" started-at="2023-04-03T10:08:01 EDT" name="generatetestreports" finished-at="2023-04-03T10:08:01 EDT" duration-ms="0" status="PASS">
          <reporter-output>
          </reporter-output>
        </test-method> <!-- generatetestreports -->
      </class> <!-- TestNgBasics -->
    </test> <!-- Default test -->
  </suite> <!-- Default suite -->
</testng-results>
